2023-09-06 07:38:29 ERROR: Invalid URL format: 001
2023-09-06 07:40:20 ERROR: Error downloading image: wallhaven-mpzdwm.jpg
2023-09-06 07:40:20 ERROR: Error downloading image: wallhaven-9667pw.jpg
2023-09-06 07:40:21 ERROR: Error downloading image: wallhaven-k7gvy1.jpg
2023-09-06 07:40:21 ERROR: Error downloading image: wallhaven-136k73.jpg
2023-09-06 07:40:21 ERROR: Error downloading image: wallhaven-0p8wxp.jpg
2023-09-06 07:40:21 ERROR: Error downloading image: wallhaven-n63del.jpg
2023-09-06 07:40:22 ERROR: Error downloading image: wallhaven-49yzj1.jpg
2023-09-06 07:40:22 ERROR: Error downloading image: wallhaven-1pd7yg.jpg
2023-09-06 07:40:22 ERROR: Error downloading image: wallhaven-0jeq6q.jpg
2023-09-06 07:40:22 ERROR: Error downloading image: wallhaven-0w6l9x.jpg
2023-09-06 07:40:22 ERROR: Error downloading image: wallhaven-k9woo6.jpg
2023-09-06 07:40:22 ERROR: Error downloading image: wallhaven-lqqy5p.jpg
2023-09-06 07:40:23 ERROR: Error downloading image: wallhaven-nmm1y8.jpg
2023-09-06 07:40:23 ERROR: Error downloading image: wallhaven-g72qee.jpg
2023-09-06 07:40:23 ERROR: Error downloading image: wallhaven-3915gv.jpg
2023-09-06 07:40:23 ERROR: Error downloading image: wallhaven-vgm1rl.jpg
2023-09-06 07:40:24 ERROR: Error downloading image: wallhaven-39w7qv.jpg
2023-09-06 07:40:24 ERROR: Error downloading image: wallhaven-4yq6el.jpg
2023-09-06 07:40:24 ERROR: Error downloading image: wallhaven-0w6e27.jpg
2023-09-06 07:40:24 ERROR: Error downloading image: wallhaven-2kv1jm.jpg
2023-09-06 07:40:25 ERROR: Error downloading image: wallhaven-ox3xem.jpg
2023-09-06 07:40:26 INFO: Downloaded: wallhaven-e7vp2r.png
2023-09-06 07:40:26 ERROR: Error downloading image: wallhaven-13g1kv.jpg
2023-09-06 07:40:26 INFO: Downloaded: wallhaven-lqw8gr.jpg
